<?xml version="1.0" encoding="UTF-8"?>
<testsuite name="com.gildedrose.GildedRoseTest" tests="67" skipped="0" failures="0" errors="0" timestamp="2020-10-12T19:12:09" hostname="MacBook-Air-de-Romain.local" time="0.398">
  <properties/>
  <testcase name="qualityPositiveOfAgedBrienameSIPositive()" classname="com.gildedrose.GildedRoseTest" time="0.082"/>
  <testcase name="nameRandomQualityNegativeSINeg()" classname="com.gildedrose.GildedRoseTest" time="0.001"/>
  <testcase name="nameRandomQualityNegativeSIPos()" classname="com.gildedrose.GildedRoseTest" time="0.001"/>
  <testcase name="qualityPositiveOfAgedBrienameSINegative()" classname="com.gildedrose.GildedRoseTest" time="0.002"/>
  <testcase name="SIPositiveNameAgedBrieQualityPositive()" classname="com.gildedrose.GildedRoseTest" time="0.001"/>
  <testcase name="NameSulfurasQualityNegativeSIPositive()" classname="com.gildedrose.GildedRoseTest" time="0.001"/>
  <testcase name="QualityPositiveSINegativeNameConjured()" classname="com.gildedrose.GildedRoseTest" time="0.004"/>
  <testcase name="SIPositiveNameAgedBrieQualityNegative()" classname="com.gildedrose.GildedRoseTest" time="0.002"/>
  <testcase name="NameSulfurasQualityNegativeSINegative()" classname="com.gildedrose.GildedRoseTest" time="0.013"/>
  <testcase name="NameSulfurasQualityPositiveSIPositive()" classname="com.gildedrose.GildedRoseTest" time="0.001"/>
  <testcase name="SIPositiveNameBackstageQualityPositive3Lim50_2()" classname="com.gildedrose.GildedRoseTest" time="0.002"/>
  <testcase name="NamerandomQualityNegativeSIPositive()" classname="com.gildedrose.GildedRoseTest" time="0.001"/>
  <testcase name="NameSulfurasQualityPositiveSINegative()" classname="com.gildedrose.GildedRoseTest" time="0.001"/>
  <testcase name="SIPositiveNameAgedBrieQualityPositive2Lim50()" classname="com.gildedrose.GildedRoseTest" time="0.002"/>
  <testcase name="SIPositiveNameAgedBrieQualityPositive3Lim50()" classname="com.gildedrose.GildedRoseTest" time="0.004"/>
  <testcase name="NamerandomQualityNegativeSINegative()" classname="com.gildedrose.GildedRoseTest" time="0.001"/>
  <testcase name="SINegativeNameConjuredQualityPositive()" classname="com.gildedrose.GildedRoseTest" time="0.001"/>
  <testcase name="SIPositiveNamerandomQualityPositive()" classname="com.gildedrose.GildedRoseTest" time="0.002"/>
  <testcase name="SINegativeNameAgedBrieQualityPositive2Lim50()" classname="com.gildedrose.GildedRoseTest" time="0.0"/>
  <testcase name="NamerandomQualityPositiveSIPositive()" classname="com.gildedrose.GildedRoseTest" time="0.001"/>
  <testcase name="SINegativeNameSulfurasQualityPositive()" classname="com.gildedrose.GildedRoseTest" time="0.001"/>
  <testcase name="SINegativeNameConjuredQualityNegative()" classname="com.gildedrose.GildedRoseTest" time="0.002"/>
  <testcase name="SIPositiveNamerandomQualityNegative()" classname="com.gildedrose.GildedRoseTest" time="0.016"/>
  <testcase name="NamerandomQualityPositiveSINegative()" classname="com.gildedrose.GildedRoseTest" time="0.004"/>
  <testcase name="SINegativeNameSulfurasQualityNegative()" classname="com.gildedrose.GildedRoseTest" time="0.017"/>
  <testcase name="qualityNegativeOfBackstagepassestoaTAFKAL80ETCconcertnameSI6to10()" classname="com.gildedrose.GildedRoseTest" time="0.0"/>
  <testcase name="qualityPositiveOfBackstagepassestoaTAFKAL80ETCconcertnameSINegative()" classname="com.gildedrose.GildedRoseTest" time="0.0"/>
  <testcase name="SIPositiveNameAgedBrieQualityPositive3Lim50_2()" classname="com.gildedrose.GildedRoseTest" time="0.001"/>
  <testcase name="QualityNegativeSINegativeNameConjured()" classname="com.gildedrose.GildedRoseTest" time="0.001"/>
  <testcase name="NameBackstageQualityNegativeSIPositive()" classname="com.gildedrose.GildedRoseTest" time="0.0"/>
  <testcase name="SIPositiveNameBackstageQualityPositive()" classname="com.gildedrose.GildedRoseTest" time="0.001"/>
  <testcase name="SIPositiveNameBackstageQualityPositive2Lim50()" classname="com.gildedrose.GildedRoseTest" time="0.001"/>
  <testcase name="SIPositiveNameBackstageQualityPositive3Lim50()" classname="com.gildedrose.GildedRoseTest" time="0.001"/>
  <testcase name="qualityPositiveOfBackstagepassestoaTAFKAL80ETCconcertnameSI6to10()" classname="com.gildedrose.GildedRoseTest" time="0.001"/>
  <testcase name="NameBackstageQualityNegativeSINegative()" classname="com.gildedrose.GildedRoseTest" time="0.001"/>
  <testcase name="SIPositiveNameBackstageQualityNegative()" classname="com.gildedrose.GildedRoseTest" time="0.0"/>
  <testcase name="NameBackstageQualityPositiveSIPositive()" classname="com.gildedrose.GildedRoseTest" time="0.0"/>
  <testcase name="qualityNegativeOfBackstagepassestoaTAFKAL80ETCconcertnameSIaboveAndEgalto11()" classname="com.gildedrose.GildedRoseTest" time="0.002"/>
  <testcase name="NameBackstageQualityPositiveSINegative()" classname="com.gildedrose.GildedRoseTest" time="0.002"/>
  <testcase name="nameSulfurasQualityNegativeSIPositive()" classname="com.gildedrose.GildedRoseTest" time="0.001"/>
  <testcase name="SIPositiveNameConjuredQualityPositive()" classname="com.gildedrose.GildedRoseTest" time="0.001"/>
  <testcase name="nameSulfurasQualityNegativeSINegative()" classname="com.gildedrose.GildedRoseTest" time="0.0"/>
  <testcase name="SIPositiveNameSulfurasQualityPositive()" classname="com.gildedrose.GildedRoseTest" time="0.001"/>
  <testcase name="SIPositiveNameConjuredQualityNegative()" classname="com.gildedrose.GildedRoseTest" time="0.003"/>
  <testcase name="nameSulfurasQualityPositiveSIPositive()" classname="com.gildedrose.GildedRoseTest" time="0.0"/>
  <testcase name="SIPositiveNameSulfurasQualityNegative()" classname="com.gildedrose.GildedRoseTest" time="0.001"/>
  <testcase name="qualityNegativeOfBackstagepassestoaTAFKAL80ETCconcertnameSI1to5()" classname="com.gildedrose.GildedRoseTest" time="0.001"/>
  <testcase name="nameSulfurasQualityPositiveSINegative()" classname="com.gildedrose.GildedRoseTest" time="0.0"/>
  <testcase name="NameAgedBrieQualityNegativeSIPositive()" classname="com.gildedrose.GildedRoseTest" time="0.0"/>
  <testcase name="QualityPositiveSIPositiveNameConjured()" classname="com.gildedrose.GildedRoseTest" time="0.007"/>
  <testcase name="SINegativeNameBackstageQualityPositive()" classname="com.gildedrose.GildedRoseTest" time="0.0"/>
  <testcase name="NameAgedBrieQualityNegativeSINegative()" classname="com.gildedrose.GildedRoseTest" time="0.001"/>
  <testcase name="SINegativeNameAgedBrieQualityPositive()" classname="com.gildedrose.GildedRoseTest" time="0.0"/>
  <testcase name="qualityPositiveOfBackstagepassestoaTAFKAL80ETCconcertnameSIaboveAndEgalto11()" classname="com.gildedrose.GildedRoseTest" time="0.001"/>
  <testcase name="NameAgedBrieQualityPositiveSIPositive()" classname="com.gildedrose.GildedRoseTest" time="0.0"/>
  <testcase name="SINegativeNameBackstageQualityNegative()" classname="com.gildedrose.GildedRoseTest" time="0.0"/>
  <testcase name="SINegativeNameAgedBrieQualityNegative()" classname="com.gildedrose.GildedRoseTest" time="0.001"/>
  <testcase name="NameAgedBrieQualityPositiveSINegative()" classname="com.gildedrose.GildedRoseTest" time="0.0"/>
  <testcase name="qualityNegativeOfAgedBrienameSIPositive()" classname="com.gildedrose.GildedRoseTest" time="0.001"/>
  <testcase name="nameRandomQualityPositiveSINeg()" classname="com.gildedrose.GildedRoseTest" time="0.0"/>
  <testcase name="nameRandomQualityPositiveSIPos()" classname="com.gildedrose.GildedRoseTest" time="0.001"/>
  <testcase name="qualityNegativeOfAgedBrienameSINegative()" classname="com.gildedrose.GildedRoseTest" time="0.0"/>
  <testcase name="qualityPositiveOfBackstagepassestoaTAFKAL80ETCconcertnameSI1to5()" classname="com.gildedrose.GildedRoseTest" time="0.002"/>
  <testcase name="qualityNegativeOfBackstagepassestoaTAFKAL80ETCconcertnameSINegative()" classname="com.gildedrose.GildedRoseTest" time="0.0"/>
  <testcase name="SINegativeNamerandomQualityPositive()" classname="com.gildedrose.GildedRoseTest" time="0.0"/>
  <testcase name="SINegativeNamerandomQualityNegative()" classname="com.gildedrose.GildedRoseTest" time="0.001"/>
  <testcase name="QualityNegativeSIPositiveNameConjured()" classname="com.gildedrose.GildedRoseTest" time="0.001"/>
  <system-out><![CDATA[]]></system-out>
  <system-err><![CDATA[]]></system-err>
</testsuite>
